<?xml version="1.0" encoding="UTF-8"?>
<!-- Generated by org.testng.reporters.JUnitReportReporter -->
<testsuite hostname="Saifuls-MacBook-Pro.local" failures="0" tests="1" name="com.pro.testcases.AddToCartTest" time="1.319" errors="0" timestamp="2024-10-11T21:22:46 EDT" skipped="0">
  <testcase classname="com.pro.testcases.AddToCartTest" name="TestAddToCart" time="1.319"/>
  <system-out/>
</testsuite> <!-- com.pro.testcases.AddToCartTest -->
