<?xml version="1.0" encoding="UTF-8"?>
<!-- Generated by org.testng.reporters.JUnitReportReporter -->
<testsuite hostname="Saifuls-MacBook-Pro.local" failures="0" tests="2" name="com.pro.testcases.HomePageTest" time="1.309" errors="0" timestamp="2024-10-11T21:16:30 EDT" skipped="0">
  <testcase classname="com.pro.testcases.HomePageTest" name="Testswaglablogin" time="0.853"/>
  <system-out/>
  <testcase classname="com.pro.testcases.HomePageTest" name="TestAddToCart" time="0.456"/>
  <system-out/>
</testsuite> <!-- com.pro.testcases.HomePageTest -->
